<?xml version="1.0" encoding="UTF-8"?>
<testsuite name="_08final.mvc.model.ShipTest" tests="6" skipped="0" failures="0" errors="0" timestamp="2023-10-10T23:23:39" hostname="DESKTOP-10Q88AS" time="0.05">
  <properties/>
  <testcase name="testMoveDown()" classname="_08final.mvc.model.ShipTest" time="0.011"/>
  <testcase name="testMoveLeft()" classname="_08final.mvc.model.ShipTest" time="0.008"/>
  <testcase name="testMoveUp()" classname="_08final.mvc.model.ShipTest" time="0.004"/>
  <testcase name="testSetVelX()" classname="_08final.mvc.model.ShipTest" time="0.008"/>
  <testcase name="testSetVelY()" classname="_08final.mvc.model.ShipTest" time="0.006"/>
  <testcase name="testMoveRight()" classname="_08final.mvc.model.ShipTest" time="0.007"/>
  <system-out><![CDATA[]]></system-out>
  <system-err><![CDATA[]]></system-err>
</testsuite>
