<?xml version="1.0" encoding="UTF-8"?>
<testsuite name="_08final.mvc.model.AleatorioTest" tests="1" skipped="0" failures="0" errors="0" timestamp="2023-10-10T23:17:37" hostname="DESKTOP-10Q88AS" time="1.012">
  <properties/>
  <testcase name="testMovimiento()" classname="_08final.mvc.model.AleatorioTest" time="1.012"/>
  <system-out><![CDATA[]]></system-out>
  <system-err><![CDATA[null
]]></system-err>
</testsuite>
