<?xml version="1.0" encoding="UTF-8"?>
<testsuite name="_08final.mvc.model.ShipTest" tests="4" skipped="0" failures="0" errors="0" timestamp="2023-10-05T19:46:44" hostname="DESKTOP-10Q88AS" time="0.151">
  <properties/>
  <testcase name="testMoveDown()" classname="_08final.mvc.model.ShipTest" time="0.122"/>
  <testcase name="testMoveLeft()" classname="_08final.mvc.model.ShipTest" time="0.006"/>
  <testcase name="testMoveUp()" classname="_08final.mvc.model.ShipTest" time="0.008"/>
  <testcase name="testMoveRight()" classname="_08final.mvc.model.ShipTest" time="0.009"/>
  <system-out><![CDATA[]]></system-out>
  <system-err><![CDATA[]]></system-err>
</testsuite>
