<?xml version="1.0" encoding="UTF-8"?>
<testsuite name="_08final.mvc.model.ShipTest" tests="2" skipped="0" failures="0" errors="0" timestamp="2023-10-06T15:19:25" hostname="DESKTOP-10Q88AS" time="0.17">
  <properties/>
  <testcase name="testMoveLeft()" classname="_08final.mvc.model.ShipTest" time="0.16"/>
  <testcase name="testMoveUp()" classname="_08final.mvc.model.ShipTest" time="0.009"/>
  <system-out><![CDATA[]]></system-out>
  <system-err><![CDATA[]]></system-err>
</testsuite>
