<?xml version="1.0" encoding="UTF-8"?>
<testsuite name="_08final.mvc.model.SoundTest" tests="4" skipped="0" failures="0" errors="0" timestamp="2023-10-12T15:56:41" hostname="DESKTOP-10Q88AS" time="0.03">
  <properties/>
  <testcase name="testClipForLoopFactoryInvalidPath()" classname="_08final.mvc.model.SoundTest" time="0.017"/>
  <testcase name="testSetVolume()" classname="_08final.mvc.model.SoundTest" time="0.003"/>
  <testcase name="testSetVolumeOutOfRange()" classname="_08final.mvc.model.SoundTest" time="0.001"/>
  <testcase name="testClipForLoopFactoryUnsupportedAudio()" classname="_08final.mvc.model.SoundTest" time="0.005"/>
  <system-out><![CDATA[error
error
]]></system-out>
  <system-err><![CDATA[]]></system-err>
</testsuite>
