<?xml version="1.0" encoding="UTF-8"?>
<testsuite name="_08final.mvc.model.BlueEnemyTest" tests="1" skipped="0" failures="0" errors="0" timestamp="2023-10-10T23:17:38" hostname="DESKTOP-10Q88AS" time="0.226">
  <properties/>
  <testcase name="testInSpeed()" classname="_08final.mvc.model.BlueEnemyTest" time="0.226"/>
  <system-out><![CDATA[]]></system-out>
  <system-err><![CDATA[null
]]></system-err>
</testsuite>
